<?xml version="1.0" encoding="UTF-8"?>
<testng-results skipped="0" failed="0" ignored="0" total="1" passed="1">
  <reporter-output>
  </reporter-output>
  <suite name="Default suite" duration-ms="20701" started-at="2018-11-24T20:20:47Z" finished-at="2018-11-24T20:21:08Z">
    <groups>
    </groups>
    <test name="Default test" duration-ms="20701" started-at="2018-11-24T20:20:47Z" finished-at="2018-11-24T20:21:08Z">
      <class name="testcases.TC_One">
        <test-method status="PASS" signature="beforeSuite()[pri:0, instance:testcases.TC_One@42dafa95]" name="beforeSuite" is-config="true" duration-ms="921" started-at="2018-11-24T20:20:46Z" finished-at="2018-11-24T20:20:47Z">
          <reporter-output>
          </reporter-output>
        </test-method> <!-- beforeSuite -->
        <test-method status="PASS" signature="beforeClass()[pri:0, instance:testcases.TC_One@42dafa95]" name="beforeClass" is-config="true" duration-ms="1" started-at="2018-11-24T20:20:47Z" finished-at="2018-11-24T20:20:47Z">
          <reporter-output>
          </reporter-output>
        </test-method> <!-- beforeClass -->
        <test-method status="PASS" signature="beforeTest()[pri:0, instance:testcases.TC_One@42dafa95]" name="beforeTest" is-config="true" duration-ms="14070" started-at="2018-11-24T20:20:48Z" finished-at="2018-11-24T20:21:02Z">
          <reporter-output>
          </reporter-output>
        </test-method> <!-- beforeTest -->
        <test-method status="PASS" signature="LaunchPage(java.lang.String)[pri:0, instance:testcases.TC_One@42dafa95]" name="LaunchPage" duration-ms="4670" started-at="2018-11-24T20:21:02Z" data-provider="fetch" finished-at="2018-11-24T20:21:07Z">
          <params>
            <param index="0">
              <value>
                <![CDATA[Vijay]]>
              </value>
            </param>
          </params>
          <reporter-output>
          </reporter-output>
        </test-method> <!-- LaunchPage -->
        <test-method status="PASS" signature="afterTest()[pri:0, instance:testcases.TC_One@42dafa95]" name="afterTest" is-config="true" duration-ms="921" started-at="2018-11-24T20:21:07Z" finished-at="2018-11-24T20:21:08Z">
          <reporter-output>
          </reporter-output>
        </test-method> <!-- afterTest -->
        <test-method status="PASS" signature="afterSuite()[pri:0, instance:testcases.TC_One@42dafa95]" name="afterSuite" is-config="true" duration-ms="547" started-at="2018-11-24T20:21:08Z" finished-at="2018-11-24T20:21:08Z">
          <reporter-output>
          </reporter-output>
        </test-method> <!-- afterSuite -->
      </class> <!-- testcases.TC_One -->
    </test> <!-- Default test -->
  </suite> <!-- Default suite -->
</testng-results>
